<?xml version="1.0" encoding="UTF-8"?>
<!-- Generated by org.testng.reporters.JUnitReportReporter -->
<testsuite hostname="DESKTOP-JG1NA9O" failures="0" tests="1" name="mymaven.pqrTest" time="0.016" errors="0" timestamp="2020-06-28T16:06:33 IST" skipped="0">
  <testcase classname="mymaven.pqrTest" name="methodOne" time="0.016"/>
  <system-out/>
</testsuite> <!-- mymaven.pqrTest -->
