<?xml version="1.0" encoding="UTF-8"?>
<!-- Generated by org.testng.reporters.JUnitReportReporter -->
<testsuite hostname="DESKTOP-JG1NA9O" failures="0" tests="2" name="mymaven.pqrTest" time="0.000" errors="0" timestamp="28 Jun 2020 10:41:56 GMT" skipped="0">
  <testcase classname="mymaven.pqrTest" name="methodTwo" time="0.000"/>
  <testcase classname="mymaven.pqrTest" name="methodOne" time="0.000"/>
</testsuite> <!-- mymaven.pqrTest -->
